<?xml version="1.0" encoding="UTF-8"?>
<!-- Generated by org.testng.reporters.JUnitReportReporter -->
<testsuite skipped="0" hostname="LAPTOP-Q6V8P7H7" name="Tests" tests="1" failures="0" timestamp="2023-08-21T12:40:00 MSK" time="56.093" errors="0">
  <testcase name="test" time="56.093" classname="Tests"/>
  <system-out/>
</testsuite> <!-- Tests -->
