<?xml version="1.0" encoding="UTF-8"?>
<!-- Generated by org.testng.reporters.JUnitReportReporter -->
<testsuite skipped="0" hostname="LAPTOP-Q6V8P7H7" name="Tests" tests="1" failures="0" timestamp="2023-07-23T19:29:36 MSK" time="40.319" errors="0">
  <testcase name="test" time="40.319" classname="Tests"/>
  <system-out/>
</testsuite> <!-- Tests -->
